EgretProjectFirst/cheng_android/app/build/outputs/logs/manifest-merger-debug-report.txt
-- Merging decision tree log ---
manifest
ADDED from src\main\AndroidManifest.xml:2:1-25:12
	package
		ADDED from src\main\AndroidManifest.xml:3:5-30
		INJECTED from src\main\AndroidManifest.xml
		INJECTED from src\main\AndroidManifest.xml
	android:versionName
		INJECTED from src\main\AndroidManifest.xml
		INJECTED from src\main\AndroidManifest.xml
	xmlns:android
		ADDED from src\main\AndroidManifest.xml:2:11-69
	android:versionCode
		INJECTED from src\main\AndroidManifest.xml
		INJECTED from src\main\AndroidManifest.xml
uses-permission#android.permission.WRITE_EXTERNAL_STORAGE
ADDED from src\main\AndroidManifest.xml:5:5-81
	android:name
		ADDED from src\main\AndroidManifest.xml:5:22-78
uses-permission#android.permission.READ_EXTERNAL_STORAGE
ADDED from src\main\AndroidManifest.xml:6:5-80
	android:name
		ADDED from src\main\AndroidManifest.xml:6:22-77
uses-permission#android.permission.INTERNET
ADDED from src\main\AndroidManifest.xml:7:5-67
	android:name
		ADDED from src\main\AndroidManifest.xml:7:22-64
uses-permission#android.permission.CHANGE_CONFIGURATION
ADDED from src\main\AndroidManifest.xml:8:5-79
	android:name
		ADDED from src\main\AndroidManifest.xml:8:22-76
uses-permission#android.permission.READ_PHONE_STATE
ADDED from src\main\AndroidManifest.xml:9:5-75
	android:name
		ADDED from src\main\AndroidManifest.xml:9:22-72
application
ADDED from src\main\AndroidManifest.xml:11:5-23:19
MERGED from [:egret:] AndroidManifest.xml:5:5-8:19
	android:label
		ADDED from src\main\AndroidManifest.xml:14:9-41
	android:supportsRtl
		ADDED from [:egret:] AndroidManifest.xml:6:9-35
	android:allowBackup
		ADDED from src\main\AndroidManifest.xml:12:9-35
	android:icon
		ADDED from src\main\AndroidManifest.xml:13:9-38
	android:theme
		ADDED from src\main\AndroidManifest.xml:15:9-67
activity#com.companyname.MainActivity
ADDED from src\main\AndroidManifest.xml:16:9-22:20
	android:name
		ADDED from src\main\AndroidManifest.xml:16:19-47
intent-filter#android.intent.action.MAIN+android.intent.category.LAUNCHER
ADDED from src\main\AndroidManifest.xml:17:13-21:29
action#android.intent.action.MAIN
ADDED from src\main\AndroidManifest.xml:18:17-69
	android:name
		ADDED from src\main\AndroidManifest.xml:18:25-66
category#android.intent.category.LAUNCHER
ADDED from src\main\AndroidManifest.xml:20:17-77
	android:name
		ADDED from src\main\AndroidManifest.xml:20:27-74
uses-sdk
INJECTED from src\main\AndroidManifest.xml reason: use-sdk injection requested
	android:targetSdkVersion
		INJECTED from src\main\AndroidManifest.xml
		INJECTED from src\main\AndroidManifest.xml
	android:minSdkVersion
		INJECTED from src\main\AndroidManifest.xml
		INJECTED from src\main\AndroidManifest.xml
uses-permission#android.permission.ACCESS_NETWORK_STATE
ADDED from [:egret:] AndroidManifest.xml:4:5-79
	android:name
		ADDED from [:egret:] AndroidManifest.xml:4:22-76